<?xml version="1.0" encoding="UTF-8"?>
<!-- Generated by org.testng.reporters.JUnitReportReporter -->
<testsuite hostname="LAPTOP-IFJDGCLM" failures="0" tests="1" name="demo.actitime.testscript.TestDataDemo" time="22.133" errors="0" timestamp="2022-10-11T18:42:34 IST" skipped="0">
  <testcase classname="demo.actitime.testscript.TestDataDemo" name="createCust" time="22.133"/>
  <system-out/>
</testsuite> <!-- demo.actitime.testscript.TestDataDemo -->
